<?xml version="1.0" encoding="UTF-8"?>
<!-- Generated by org.testng.reporters.JUnitReportReporter -->
<testsuite hostname="Anzhela-PC" failures="0" tests="1" name="sutsko_projects.tests.LoginTest" time="8.509" errors="0" timestamp="2019-02-24T15:28:17 CET" skipped="0">
  <testcase classname="sutsko_projects.tests.LoginTest" name="LoginTest" time="8.509"/>
</testsuite> <!-- sutsko_projects.tests.LoginTest -->
