<?xml version="1.0" encoding="UTF-8"?>
<!-- Generated by org.testng.reporters.JUnitReportReporter -->
<testsuite hostname="Anzhela-PC" failures="0" tests="1" name="sutsko_projects.tests.LoginTest" time="59.825" errors="0" timestamp="2018-12-19T12:42:00 CET" skipped="0">
  <testcase classname="sutsko_projects.tests.LoginTest" name="testUntitledTestCase" time="59.825"/>
</testsuite> <!-- sutsko_projects.tests.LoginTest -->
