<?xml version="1.0" encoding="UTF-8"?>
<!-- Generated by org.testng.reporters.JUnitReportReporter -->
<testsuite hostname="Anzhela-PC" failures="0" tests="1" name="sutsko_projects.tests.LoginTest" time="4.723" errors="0" timestamp="2018-12-16T09:36:41 CET" skipped="0">
  <testcase classname="sutsko_projects.tests.LoginTest" name="testUntitledTestCase" time="4.723"/>
</testsuite> <!-- sutsko_projects.tests.LoginTest -->
